<?xml version="1.0" encoding="UTF-8"?>
<!-- Generated by org.testng.reporters.JUnitReportReporter -->
<testsuite hostname="DESKTOP-J238NH2" failures="0" tests="1" name="testcases.TC_001" time="44.002" errors="0" timestamp="2024-05-12T21:28:42 IST" skipped="0">
  <testcase classname="testcases.TC_001" name="method1" time="44.002"/>
</testsuite> <!-- testcases.TC_001 -->
